[debug] [2019-05-18T21:21:35.348Z] ----------------------------------------------------------------------
[debug] [2019-05-18T21:21:35.351Z] Command:       C:\Program Files\nodejs\node.exe C:\Users\Bibi\AppData\Roaming\npm\node_modules\firebase-tools\lib\bin\firebase.js deploy
[debug] [2019-05-18T21:21:35.351Z] CLI Version:   6.10.0
[debug] [2019-05-18T21:21:35.351Z] Platform:      win32
[debug] [2019-05-18T21:21:35.351Z] Node Version:  v10.14.2
[debug] [2019-05-18T21:21:35.353Z] Time:          Sat May 18 2019 23:21:35 GMT+0200 (Central European Summer Time)
[debug] [2019-05-18T21:21:35.353Z] ----------------------------------------------------------------------
[debug] 
[debug] [2019-05-18T21:21:35.363Z] > command requires scopes: ["email","openid","https://www.googleapis.com/auth/cloudplatformprojects.readonly","https://www.googleapis.com/auth/firebase","https://www.googleapis.com/auth/cloud-platform"]
[debug] [2019-05-18T21:21:35.363Z] > authorizing via signed-in user
[debug] [2019-05-18T21:21:35.363Z] [iam] checking project mike-s-portfolip for permissions ["firebase.projects.get","firebasedatabase.instances.update","firebasehosting.sites.update"]
[debug] [2019-05-18T21:21:35.365Z] >>> HTTP REQUEST POST https://cloudresourcemanager.googleapis.com/v1/projects/mike-s-portfolip:testIamPermissions  

[debug] [2019-05-18T21:21:36.250Z] <<< HTTP RESPONSE 200
[debug] [2019-05-18T21:21:36.252Z] >>> HTTP REQUEST GET https://firebase.googleapis.com/v1beta1/projects/mike-s-portfolip  
 
[debug] [2019-05-18T21:21:36.590Z] <<< HTTP RESPONSE 200
[info] 
[info] === Deploying to 'mike-s-portfolip'...
[info] 
[info] i  deploying database, hosting
[info] i  database: checking rules syntax...
[debug] [2019-05-18T21:21:36.596Z] >>> HTTP REQUEST PUT https://mike-s-portfolip.firebaseio.com/.settings/rules.json?dryRun=true  
 {
  "rules": {
    ".read": "auth != null",
    ".write": "auth != null"
  }
}

[debug] [2019-05-18T21:21:37.200Z] <<< HTTP RESPONSE 200
[info] +  database: rules syntax for database mike-s-portfolip is valid
[debug] [2019-05-18T21:21:37.202Z] >>> HTTP REQUEST POST https://firebasehosting.googleapis.com/v1beta1/sites/mike-s-portfolip/versions  

